mode: count
github.com/AwesomeXjs/iq-progress/internal/app/app.go:30.36,35.16 4 0
github.com/AwesomeXjs/iq-progress/internal/app/app.go:35.16,38.3 1 0
github.com/AwesomeXjs/iq-progress/internal/app/app.go:39.2,39.12 1 0
github.com/AwesomeXjs/iq-progress/internal/app/app.go:42.53,50.28 3 0
github.com/AwesomeXjs/iq-progress/internal/app/app.go:50.28,51.34 1 0
github.com/AwesomeXjs/iq-progress/internal/app/app.go:51.34,54.4 2 0
github.com/AwesomeXjs/iq-progress/internal/app/app.go:57.2,58.12 2 0
github.com/AwesomeXjs/iq-progress/internal/app/app.go:61.29,64.15 2 0
github.com/AwesomeXjs/iq-progress/internal/app/app.go:64.15,67.3 2 0
github.com/AwesomeXjs/iq-progress/internal/app/app.go:69.2,70.16 2 0
github.com/AwesomeXjs/iq-progress/internal/app/app.go:70.16,72.3 1 0
github.com/AwesomeXjs/iq-progress/internal/app/app.go:73.2,73.12 1 0
github.com/AwesomeXjs/iq-progress/internal/app/app.go:76.53,80.16 3 0
github.com/AwesomeXjs/iq-progress/internal/app/app.go:80.16,83.3 2 0
github.com/AwesomeXjs/iq-progress/internal/app/app.go:84.2,84.12 1 0
github.com/AwesomeXjs/iq-progress/internal/app/app.go:88.57,97.2 6 0
github.com/AwesomeXjs/iq-progress/internal/app/app.go:99.62,102.2 2 0
github.com/AwesomeXjs/iq-progress/internal/app/app.go:104.39,109.2 3 0
github.com/AwesomeXjs/iq-progress/internal/app/app.go:112.68,114.2 1 0
github.com/AwesomeXjs/iq-progress/internal/app/service_provider.go:30.44,32.2 1 0
github.com/AwesomeXjs/iq-progress/internal/app/service_provider.go:35.59,38.25 2 0
github.com/AwesomeXjs/iq-progress/internal/app/service_provider.go:38.25,40.17 2 0
github.com/AwesomeXjs/iq-progress/internal/app/service_provider.go:40.17,42.4 1 0
github.com/AwesomeXjs/iq-progress/internal/app/service_provider.go:43.3,43.21 1 0
github.com/AwesomeXjs/iq-progress/internal/app/service_provider.go:45.2,45.21 1 0
github.com/AwesomeXjs/iq-progress/internal/app/service_provider.go:49.55,52.23 2 0
github.com/AwesomeXjs/iq-progress/internal/app/service_provider.go:52.23,54.17 2 0
github.com/AwesomeXjs/iq-progress/internal/app/service_provider.go:54.17,56.4 1 0
github.com/AwesomeXjs/iq-progress/internal/app/service_provider.go:57.3,57.19 1 0
github.com/AwesomeXjs/iq-progress/internal/app/service_provider.go:59.2,59.19 1 0
github.com/AwesomeXjs/iq-progress/internal/app/service_provider.go:64.73,67.23 2 0
github.com/AwesomeXjs/iq-progress/internal/app/service_provider.go:67.23,70.17 3 0
github.com/AwesomeXjs/iq-progress/internal/app/service_provider.go:70.17,72.4 1 0
github.com/AwesomeXjs/iq-progress/internal/app/service_provider.go:74.3,75.17 2 0
github.com/AwesomeXjs/iq-progress/internal/app/service_provider.go:75.17,77.4 1 0
github.com/AwesomeXjs/iq-progress/internal/app/service_provider.go:79.3,80.19 2 0
github.com/AwesomeXjs/iq-progress/internal/app/service_provider.go:82.2,82.19 1 0
github.com/AwesomeXjs/iq-progress/internal/app/service_provider.go:85.81,86.24 1 0
github.com/AwesomeXjs/iq-progress/internal/app/service_provider.go:86.24,88.3 1 0
github.com/AwesomeXjs/iq-progress/internal/app/service_provider.go:89.2,89.20 1 0
github.com/AwesomeXjs/iq-progress/internal/app/service_provider.go:92.86,93.25 1 0
github.com/AwesomeXjs/iq-progress/internal/app/service_provider.go:93.25,95.3 1 0
github.com/AwesomeXjs/iq-progress/internal/app/service_provider.go:96.2,96.21 1 0
github.com/AwesomeXjs/iq-progress/internal/app/service_provider.go:99.77,100.22 1 0
github.com/AwesomeXjs/iq-progress/internal/app/service_provider.go:100.22,102.3 1 0
github.com/AwesomeXjs/iq-progress/internal/app/service_provider.go:103.2,103.18 1 0
github.com/AwesomeXjs/iq-progress/internal/app/service_provider.go:106.77,107.22 1 0
github.com/AwesomeXjs/iq-progress/internal/app/service_provider.go:107.22,109.3 1 0
github.com/AwesomeXjs/iq-progress/internal/app/service_provider.go:110.2,110.18 1 0
github.com/AwesomeXjs/iq-progress/internal/converter/converter.go:5.59,11.2 1 0
github.com/AwesomeXjs/iq-progress/internal/handler/get_last_operations.go:27.61,32.16 3 0
github.com/AwesomeXjs/iq-progress/internal/handler/get_last_operations.go:32.16,35.3 2 0
github.com/AwesomeXjs/iq-progress/internal/handler/get_last_operations.go:37.2,40.16 3 0
github.com/AwesomeXjs/iq-progress/internal/handler/get_last_operations.go:40.16,42.3 1 0
github.com/AwesomeXjs/iq-progress/internal/handler/get_last_operations.go:44.2,44.66 1 0
github.com/AwesomeXjs/iq-progress/internal/handler/init.go:19.41,23.2 1 0
github.com/AwesomeXjs/iq-progress/internal/handler/init.go:25.57,26.9 1 0
github.com/AwesomeXjs/iq-progress/internal/handler/init.go:27.49,28.88 1 0
github.com/AwesomeXjs/iq-progress/internal/handler/init.go:29.45,30.73 1 0
github.com/AwesomeXjs/iq-progress/internal/handler/init.go:31.47,32.86 1 0
github.com/AwesomeXjs/iq-progress/internal/handler/init.go:33.10,34.98 1 0
github.com/AwesomeXjs/iq-progress/internal/handler/make_deposit.go:27.55,32.43 3 0
github.com/AwesomeXjs/iq-progress/internal/handler/make_deposit.go:32.43,35.3 2 0
github.com/AwesomeXjs/iq-progress/internal/handler/make_deposit.go:37.2,38.16 2 0
github.com/AwesomeXjs/iq-progress/internal/handler/make_deposit.go:38.16,41.3 2 0
github.com/AwesomeXjs/iq-progress/internal/handler/make_deposit.go:43.2,44.16 2 0
github.com/AwesomeXjs/iq-progress/internal/handler/make_deposit.go:44.16,46.3 1 0
github.com/AwesomeXjs/iq-progress/internal/handler/make_deposit.go:48.2,48.63 1 0
github.com/AwesomeXjs/iq-progress/internal/handler/routes.go:16.49,20.2 3 0
github.com/AwesomeXjs/iq-progress/internal/handler/routes.go:20.2,22.3 2 0
github.com/AwesomeXjs/iq-progress/internal/handler/routes.go:22.3,26.4 3 0
github.com/AwesomeXjs/iq-progress/internal/handler/send.go:27.48,33.43 3 0
github.com/AwesomeXjs/iq-progress/internal/handler/send.go:33.43,36.3 2 0
github.com/AwesomeXjs/iq-progress/internal/handler/send.go:38.2,39.16 2 0
github.com/AwesomeXjs/iq-progress/internal/handler/send.go:39.16,43.3 2 0
github.com/AwesomeXjs/iq-progress/internal/handler/send.go:45.2,46.16 2 0
github.com/AwesomeXjs/iq-progress/internal/handler/send.go:46.16,48.3 1 0
github.com/AwesomeXjs/iq-progress/internal/handler/send.go:50.2,50.63 1 0
github.com/AwesomeXjs/iq-progress/internal/middlewares/logs.go:13.53,15.36 2 0
github.com/AwesomeXjs/iq-progress/internal/middlewares/logs.go:15.36,21.17 4 0
github.com/AwesomeXjs/iq-progress/internal/middlewares/logs.go:21.17,28.4 1 0
github.com/AwesomeXjs/iq-progress/internal/middlewares/logs.go:30.3,37.13 2 0
github.com/AwesomeXjs/iq-progress/internal/repository/add_to_balance.go:14.93,25.16 4 0
github.com/AwesomeXjs/iq-progress/internal/repository/add_to_balance.go:25.16,28.3 2 0
github.com/AwesomeXjs/iq-progress/internal/repository/add_to_balance.go:30.2,37.16 4 0
github.com/AwesomeXjs/iq-progress/internal/repository/add_to_balance.go:37.16,38.61 1 0
github.com/AwesomeXjs/iq-progress/internal/repository/add_to_balance.go:38.61,40.4 1 0
github.com/AwesomeXjs/iq-progress/internal/repository/add_to_balance.go:41.3,42.16 2 0
github.com/AwesomeXjs/iq-progress/internal/repository/add_to_balance.go:45.2,45.21 1 0
github.com/AwesomeXjs/iq-progress/internal/repository/add_transaction.go:11.99,18.16 3 0
github.com/AwesomeXjs/iq-progress/internal/repository/add_transaction.go:18.16,20.3 1 0
github.com/AwesomeXjs/iq-progress/internal/repository/add_transaction.go:22.2,28.16 3 0
github.com/AwesomeXjs/iq-progress/internal/repository/add_transaction.go:28.16,30.3 1 0
github.com/AwesomeXjs/iq-progress/internal/repository/add_transaction.go:32.2,32.12 1 0
github.com/AwesomeXjs/iq-progress/internal/repository/get_operations.go:13.96,31.16 5 0
github.com/AwesomeXjs/iq-progress/internal/repository/get_operations.go:31.16,34.3 2 0
github.com/AwesomeXjs/iq-progress/internal/repository/get_operations.go:36.2,44.16 4 0
github.com/AwesomeXjs/iq-progress/internal/repository/get_operations.go:44.16,47.3 2 0
github.com/AwesomeXjs/iq-progress/internal/repository/get_operations.go:49.2,49.24 1 0
github.com/AwesomeXjs/iq-progress/internal/repository/init.go:21.42,25.2 1 0
github.com/AwesomeXjs/iq-progress/internal/repository/remove_from_balance.go:14.98,25.16 4 0
github.com/AwesomeXjs/iq-progress/internal/repository/remove_from_balance.go:25.16,28.3 2 0
github.com/AwesomeXjs/iq-progress/internal/repository/remove_from_balance.go:30.2,37.16 4 0
github.com/AwesomeXjs/iq-progress/internal/repository/remove_from_balance.go:37.16,38.61 1 0
github.com/AwesomeXjs/iq-progress/internal/repository/remove_from_balance.go:38.61,40.4 1 0
github.com/AwesomeXjs/iq-progress/internal/repository/remove_from_balance.go:41.3,42.16 2 0
github.com/AwesomeXjs/iq-progress/internal/repository/remove_from_balance.go:45.2,45.17 1 0
github.com/AwesomeXjs/iq-progress/internal/repository/remove_from_balance.go:45.17,47.3 1 0
github.com/AwesomeXjs/iq-progress/internal/repository/remove_from_balance.go:49.2,49.21 1 0
github.com/AwesomeXjs/iq-progress/internal/service/get_operations.go:9.93,11.2 1 10
github.com/AwesomeXjs/iq-progress/internal/service/init.go:22.78,27.2 1 10
github.com/AwesomeXjs/iq-progress/internal/service/make_deposit.go:12.95,17.72 3 0
github.com/AwesomeXjs/iq-progress/internal/service/make_deposit.go:17.72,21.19 3 0
github.com/AwesomeXjs/iq-progress/internal/service/make_deposit.go:21.19,24.4 2 0
github.com/AwesomeXjs/iq-progress/internal/service/make_deposit.go:26.3,32.19 2 0
github.com/AwesomeXjs/iq-progress/internal/service/make_deposit.go:32.19,35.4 2 0
github.com/AwesomeXjs/iq-progress/internal/service/make_deposit.go:37.3,37.13 1 0
github.com/AwesomeXjs/iq-progress/internal/service/make_deposit.go:39.2,39.16 1 0
github.com/AwesomeXjs/iq-progress/internal/service/make_deposit.go:39.16,42.3 2 0
github.com/AwesomeXjs/iq-progress/internal/service/make_deposit.go:44.2,44.21 1 0
github.com/AwesomeXjs/iq-progress/internal/service/send.go:12.85,17.72 3 10
github.com/AwesomeXjs/iq-progress/internal/service/send.go:17.72,21.19 3 0
github.com/AwesomeXjs/iq-progress/internal/service/send.go:21.19,24.4 2 0
github.com/AwesomeXjs/iq-progress/internal/service/send.go:26.3,27.19 2 0
github.com/AwesomeXjs/iq-progress/internal/service/send.go:27.19,30.4 2 0
github.com/AwesomeXjs/iq-progress/internal/service/send.go:32.3,37.19 2 0
github.com/AwesomeXjs/iq-progress/internal/service/send.go:37.19,40.4 2 0
github.com/AwesomeXjs/iq-progress/internal/service/send.go:42.3,42.13 1 0
github.com/AwesomeXjs/iq-progress/internal/service/send.go:44.2,44.16 1 10
github.com/AwesomeXjs/iq-progress/internal/service/send.go:44.16,47.3 2 5
github.com/AwesomeXjs/iq-progress/internal/service/send.go:49.2,49.21 1 5
github.com/AwesomeXjs/iq-progress/internal/utils/response.go:26.89,37.16 3 0
github.com/AwesomeXjs/iq-progress/internal/utils/response.go:37.16,40.3 2 0
github.com/AwesomeXjs/iq-progress/internal/utils/response.go:43.2,43.12 1 0
